<?xml version="1.0" encoding="UTF-8"?>
<!-- Generated by org.testng.reporters.JUnitReportReporter -->
<testsuite hostname="DESKTOP-FRQ47Q9" failures="0" tests="3" name="TestCases.MyFirstTestFW" time="54.939" errors="0" timestamp="2023-08-13T13:44:07 BST" skipped="0">
  <testcase classname="TestCases.MyFirstTestFW" name="LoginTest" time="17.587"/>
  <testcase classname="TestCases.MyFirstTestFW" name="LoginTest" time="19.227"/>
  <testcase classname="TestCases.MyFirstTestFW" name="LoginTest" time="18.125"/>
</testsuite> <!-- TestCases.MyFirstTestFW -->
